TN:
SF:models/comments.js
FN:3,Object.<anonymous>.module.exports
FN:5,associate
FN:16,isValid
FNF:3
FNH:3
FNDA:3,Object.<anonymous>.module.exports
FNDA:3,associate
FNDA:2,isValid
DA:1,1
DA:2,1
DA:3,1
DA:4,3
DA:5,3
DA:6,3
DA:7,3
DA:8,3
DA:9,3
DA:10,3
DA:11,3
DA:12,3
DA:13,3
DA:14,3
DA:15,3
DA:16,3
DA:17,2
DA:18,2
DA:19,1
DA:20,1
DA:21,2
DA:22,3
DA:23,3
DA:24,3
DA:25,3
DA:26,3
DA:27,3
DA:28,3
DA:29,3
DA:30,3
DA:31,3
DA:32,3
DA:33,3
LF:33
LH:33
BRDA:3,0,0,3
BRDA:5,1,0,3
BRDA:16,2,0,2
BRDA:17,3,0,1
BRDA:18,4,0,1
BRF:5
BRH:5
end_of_record
TN:
SF:models/index.js
FNF:0
FNH:0
DA:1,1
DA:2,1
DA:3,1
DA:4,1
DA:5,1
DA:6,1
DA:7,1
DA:8,1
DA:9,1
DA:10,1
DA:11,1
DA:12,1
DA:13,0
DA:14,1
DA:15,1
DA:16,1
DA:17,1
DA:18,1
DA:19,1
DA:20,1
DA:21,12
DA:22,12
DA:23,1
DA:24,9
DA:25,9
DA:26,9
DA:27,1
DA:28,1
DA:29,9
DA:30,9
DA:31,9
DA:32,9
DA:33,1
DA:34,1
DA:35,1
DA:36,1
DA:37,1
LF:37
LH:36
BRDA:7,0,0,0
BRDA:12,1,0,0
BRDA:20,2,0,12
BRDA:21,3,0,9
BRDA:23,4,0,9
BRDA:28,5,0,9
BRF:6
BRH:4
end_of_record
TN:
SF:models/post.js
FN:3,Object.<anonymous>.module.exports
FN:5,associate
FN:17,isValid
FN:31,isUnique
FNF:4
FNH:4
FNDA:3,Object.<anonymous>.module.exports
FNDA:3,associate
FNDA:4,isValid
FNDA:4,isUnique
DA:1,1
DA:2,1
DA:3,1
DA:4,3
DA:5,3
DA:6,3
DA:7,3
DA:8,3
DA:9,3
DA:10,3
DA:11,3
DA:12,3
DA:13,3
DA:14,3
DA:15,3
DA:16,3
DA:17,3
DA:18,4
DA:19,4
DA:20,1
DA:21,1
DA:22,4
DA:23,3
DA:24,3
DA:25,3
DA:26,3
DA:27,3
DA:28,3
DA:29,3
DA:30,3
DA:31,3
DA:32,4
DA:33,4
DA:34,4
DA:35,1
DA:36,1
DA:37,4
DA:38,3
DA:39,3
DA:40,3
DA:41,3
DA:42,3
DA:43,3
DA:44,3
DA:45,3
DA:46,3
DA:47,3
DA:48,3
DA:49,3
LF:49
LH:49
BRDA:3,0,0,3
BRDA:5,1,0,3
BRDA:17,2,0,4
BRDA:18,3,0,0
BRDA:19,4,0,1
BRDA:31,5,0,4
BRDA:34,6,0,1
BRF:7
BRH:6
end_of_record
TN:
SF:models/user.js
FN:3,Object.<anonymous>.module.exports
FN:5,associate
FN:16,get
FN:19,set
FN:32,isUnique
FN:44,isValid
FNF:6
FNH:6
FNDA:3,Object.<anonymous>.module.exports
FNDA:3,associate
FNDA:1,get
FNDA:1,set
FNDA:6,isUnique
FNDA:6,isValid
DA:1,1
DA:2,1
DA:3,1
DA:4,3
DA:5,3
DA:6,3
DA:7,3
DA:8,3
DA:9,3
DA:10,3
DA:11,3
DA:12,3
DA:13,3
DA:14,3
DA:15,3
DA:16,3
DA:17,1
DA:18,1
DA:19,3
DA:20,1
DA:21,1
DA:22,3
DA:23,3
DA:24,3
DA:25,3
DA:26,3
DA:27,3
DA:28,3
DA:29,3
DA:30,3
DA:31,3
DA:32,3
DA:33,6
DA:34,6
DA:35,1
DA:36,1
DA:37,6
DA:38,3
DA:39,3
DA:40,3
DA:41,3
DA:42,3
DA:43,3
DA:44,3
DA:45,6
DA:46,1
DA:47,1
DA:48,6
DA:49,3
DA:50,3
DA:51,3
DA:52,3
DA:53,3
DA:54,3
DA:55,3
DA:56,3
DA:57,3
DA:58,3
DA:59,3
DA:60,3
DA:61,3
DA:62,3
DA:63,3
LF:63
LH:63
BRDA:3,0,0,3
BRDA:5,1,0,3
BRDA:16,2,0,1
BRDA:19,3,0,1
BRDA:32,4,0,6
BRDA:34,5,0,1
BRDA:44,6,0,6
BRDA:45,7,0,1
BRF:8
BRH:8
end_of_record
